23:50:08 [INFO] Dashboard running at http://localhost:8877
23:50:08 [INFO] Loaded 74 in-play symbols: AAOI, ACN, AGRO, AMPX, AMR, APH, ARM, ASO, ATAT, AXTI...
23:50:08 [INFO] Running in DEFERRED mode. Dashboard available immediately.
23:50:08 [INFO] Click 'Connect' in the dashboard when ready to start IBKR.
23:50:08 [INFO] Registered 120 symbols in DEFERRED mode
23:50:08 [INFO] Dashboard DEFERRED at http://localhost:8877
23:50:16 [INFO] [AGQ] Added to static watchlist (offline, will subscribe on connect).
23:50:23 [INFO] [TQQQ] Added to static watchlist (offline, will subscribe on connect).
23:50:29 [INFO] [UCO] Added to static watchlist (offline, will subscribe on connect).
07:47:27 [INFO] [TEST] LONG VWAP_SEP on SMCI @ 214.88
07:47:54 [INFO] [TEST] SHORT EMA_RETEST on KC @ 292.33
08:55:05 [INFO] In-play snapshot saved: 2026-03-19.txt (0 symbols)
08:55:05 [INFO] Clear in-play: cleared 74 symbols, 49 static symbols preserved
08:55:10 [INFO] In-play snapshot saved: 2026-03-19.txt (1 symbols)
08:55:41 [INFO] In-play snapshot saved: 2026-03-19.txt (2 symbols)
08:55:57 [INFO] In-play snapshot saved: 2026-03-19.txt (3 symbols)
08:56:03 [INFO] In-play snapshot saved: 2026-03-19.txt (4 symbols)
08:56:08 [INFO] In-play snapshot saved: 2026-03-19.txt (5 symbols)
08:56:32 [INFO] In-play snapshot saved: 2026-03-19.txt (6 symbols)
08:56:37 [INFO] In-play snapshot saved: 2026-03-19.txt (7 symbols)
08:56:42 [INFO] In-play snapshot saved: 2026-03-19.txt (8 symbols)
08:56:48 [INFO] In-play snapshot saved: 2026-03-19.txt (9 symbols)
08:56:56 [INFO] In-play snapshot saved: 2026-03-19.txt (10 symbols)
08:57:02 [INFO] In-play snapshot saved: 2026-03-19.txt (11 symbols)
08:57:42 [INFO] In-play snapshot saved: 2026-03-19.txt (60 symbols)
08:57:42 [ERROR] Cannot schedule bulk setup — main loop not ready
08:57:42 [INFO] Bulk in-play: added 49, skipped 1 duplicates, 43 queued for paced setup
09:03:29 [INFO] In-play snapshot saved: 2026-03-19.txt (71 symbols)
09:03:29 [ERROR] Cannot schedule bulk setup — main loop not ready
09:03:29 [INFO] Bulk in-play: added 11, skipped 2 duplicates, 11 queued for paced setup
09:03:33 [INFO] Connecting to IBKR at 127.0.0.1:7497...
09:03:33 [ERROR] IBKR connection failed: There is no current event loop in thread 'Thread-81'.
